10:42:28 INFO  : Launching XSDB server: xsdb.bat -s D:/Xilinx/SDK/2015.2/scripts/xsdb/xsdb/xsdb-server.tcl
10:42:35 INFO  : Processing command line option -hwspec C:/Users/Tomek/Assessment_2_Traffic_Light/es3_hw_assmnt_2/es3_hw_assmnt_2.sdk/top.hdf.
10:42:43 INFO  : XSDB server has started successfully.
11:14:41 INFO  : Connected to target on host '127.0.0.1' and port '3121'.
11:14:42 INFO  : 'targets -set -filter {jtag_cable_name =~ "Digilent Basys3 210183711307A" && level==0} -index 0' command is executed.
11:14:43 INFO  : FPGA configured successfully with bitstream "C:/Users/Tomek/Assessment_2_Traffic_Light/es3_hw_assmnt_2/es3_hw_assmnt_2.sdk/top_hw_platform_0/download.bit"
11:15:45 INFO  : Processor reset is completed for microblaze_0
11:34:08 INFO  : microblaze_0 Processor is in use. Please stop existing Run or Debug sessions before launching.
11:34:33 INFO  : microblaze_0 Processor is in use. Please stop existing Run or Debug sessions before launching.
11:34:35 INFO  : Processor reset is completed for microblaze_0
11:35:33 INFO  : microblaze_0 Processor is in use. Please stop existing Run or Debug sessions before launching.
11:35:35 INFO  : Processor reset is completed for microblaze_0
11:35:55 INFO  : microblaze_0 Processor is in use. Please stop existing Run or Debug sessions before launching.
11:35:56 INFO  : Processor reset is completed for microblaze_0
11:53:06 INFO  : microblaze_0 Processor is in use. Please stop existing Run or Debug sessions before launching.
11:53:08 INFO  : Processor reset is completed for microblaze_0
11:54:51 INFO  : Processor reset is completed for microblaze_0
11:55:12 INFO  : Processor reset is completed for microblaze_0
11:58:01 INFO  : microblaze_0 Processor is in use. Please stop existing Run or Debug sessions before launching.
11:58:02 INFO  : Processor reset is completed for microblaze_0
12:00:16 INFO  : microblaze_0 Processor is in use. Please stop existing Run or Debug sessions before launching.
12:00:17 INFO  : Processor reset is completed for microblaze_0
12:01:06 INFO  : microblaze_0 Processor is in use. Please stop existing Run or Debug sessions before launching.
12:01:07 INFO  : Processor reset is completed for microblaze_0
12:01:44 INFO  : Processor reset is completed for microblaze_0
12:03:32 INFO  : Processor reset is completed for microblaze_0
12:05:27 INFO  : microblaze_0 Processor is in use. Please stop existing Run or Debug sessions before launching.
12:05:29 INFO  : Processor reset is completed for microblaze_0
12:23:05 INFO  : microblaze_0 Processor is in use. Please stop existing Run or Debug sessions before launching.
12:23:11 INFO  : Processor reset is completed for microblaze_0
12:24:27 INFO  : Processor reset is completed for microblaze_0
12:25:33 INFO  : microblaze_0 Processor is in use. Please stop existing Run or Debug sessions before launching.
12:25:34 INFO  : Processor reset is completed for microblaze_0
12:26:07 INFO  : microblaze_0 Processor is in use. Please stop existing Run or Debug sessions before launching.
12:26:09 INFO  : Processor reset is completed for microblaze_0
12:29:15 INFO  : microblaze_0 Processor is in use. Please stop existing Run or Debug sessions before launching.
12:29:23 INFO  : Processor reset is completed for microblaze_0
12:30:21 INFO  : microblaze_0 Processor is in use. Please stop existing Run or Debug sessions before launching.
12:30:22 INFO  : Processor reset is completed for microblaze_0
12:31:57 INFO  : microblaze_0 Processor is in use. Please stop existing Run or Debug sessions before launching.
12:31:58 INFO  : Processor reset is completed for microblaze_0
12:42:51 INFO  : microblaze_0 Processor is in use. Please stop existing Run or Debug sessions before launching.
12:42:56 INFO  : Processor reset is completed for microblaze_0
12:44:48 INFO  : microblaze_0 Processor is in use. Please stop existing Run or Debug sessions before launching.
12:44:49 INFO  : Processor reset is completed for microblaze_0
12:46:21 INFO  : microblaze_0 Processor is in use. Please stop existing Run or Debug sessions before launching.
12:46:22 INFO  : Processor reset is completed for microblaze_0
12:46:51 INFO  : microblaze_0 Processor is in use. Please stop existing Run or Debug sessions before launching.
12:46:52 INFO  : Processor reset is completed for microblaze_0
12:47:39 INFO  : microblaze_0 Processor is in use. Please stop existing Run or Debug sessions before launching.
12:47:40 INFO  : Processor reset is completed for microblaze_0
13:38:35 INFO  : microblaze_0 Processor is in use. Please stop existing Run or Debug sessions before launching.
13:38:38 INFO  : Processor reset is completed for microblaze_0
13:41:03 INFO  : Processor reset is completed for microblaze_0
13:43:48 INFO  : microblaze_0 Processor is in use. Please stop existing Run or Debug sessions before launching.
13:43:49 INFO  : Processor reset is completed for microblaze_0
13:44:51 INFO  : microblaze_0 Processor is in use. Please stop existing Run or Debug sessions before launching.
13:44:53 INFO  : Processor reset is completed for microblaze_0
13:50:30 INFO  : microblaze_0 Processor is in use. Please stop existing Run or Debug sessions before launching.
13:50:32 INFO  : Processor reset is completed for microblaze_0
13:52:12 INFO  : microblaze_0 Processor is in use. Please stop existing Run or Debug sessions before launching.
13:52:14 INFO  : Processor reset is completed for microblaze_0
13:53:41 INFO  : microblaze_0 Processor is in use. Please stop existing Run or Debug sessions before launching.
13:53:42 INFO  : Processor reset is completed for microblaze_0
13:56:54 INFO  : microblaze_0 Processor is in use. Please stop existing Run or Debug sessions before launching.
13:56:55 INFO  : Processor reset is completed for microblaze_0
14:01:16 INFO  : microblaze_0 Processor is in use. Please stop existing Run or Debug sessions before launching.
14:01:17 INFO  : Processor reset is completed for microblaze_0
14:02:24 INFO  : microblaze_0 Processor is in use. Please stop existing Run or Debug sessions before launching.
14:02:26 INFO  : Processor reset is completed for microblaze_0
14:03:30 INFO  : microblaze_0 Processor is in use. Please stop existing Run or Debug sessions before launching.
14:03:31 INFO  : Processor reset is completed for microblaze_0
14:04:18 INFO  : microblaze_0 Processor is in use. Please stop existing Run or Debug sessions before launching.
14:04:19 INFO  : Processor reset is completed for microblaze_0
14:04:58 INFO  : microblaze_0 Processor is in use. Please stop existing Run or Debug sessions before launching.
14:05:00 INFO  : Processor reset is completed for microblaze_0
14:05:34 INFO  : microblaze_0 Processor is in use. Please stop existing Run or Debug sessions before launching.
14:05:36 INFO  : Processor reset is completed for microblaze_0
14:09:54 INFO  : microblaze_0 Processor is in use. Please stop existing Run or Debug sessions before launching.
14:09:55 INFO  : Processor reset is completed for microblaze_0
14:10:41 INFO  : microblaze_0 Processor is in use. Please stop existing Run or Debug sessions before launching.
14:10:42 INFO  : Processor reset is completed for microblaze_0
14:12:18 INFO  : microblaze_0 Processor is in use. Please stop existing Run or Debug sessions before launching.
14:12:19 INFO  : Processor reset is completed for microblaze_0
