#-----------------------------------------------------------
# Webtalk v2015.2 (64-bit)
# SW Build 1266856 on Fri Jun 26 16:35:25 MDT 2015
# 
# Start of session at: Wed Nov 13 17:31:18 2019
# Process ID: 13552
# Log file: C:/Users/Tomek/Assessment_2_Traffic_Light/es3_hw_assmnt_2/es3_hw_assmnt_2.sdk/webtalk/webtalk.log
# Journal file: C:/Users/Tomek/Assessment_2_Traffic_Light/es3_hw_assmnt_2/es3_hw_assmnt_2.sdk/webtalk\webtalk.jou
#-----------------------------------------------------------
source sdk_webtalk.tcl
# webtalk_init -webtalk_dir C:\\Users\\Tomek\\Assessment_2_Traffic_Light\\es3_hw_assmnt_2\\es3_hw_assmnt_2.sdk\\webtalk
# webtalk_register_client -client project
# webtalk_add_data -client project -key date_generated -value "Wed Nov 13 17:31:05 2019" -context "software_version_and_target_device"
# webtalk_add_data -client project -key product_version -value "SDK v2015.2" -context "software_version_and_target_device"
# webtalk_add_data -client project -key build_version -value "2015.2" -context "software_version_and_target_device"
# webtalk_add_data -client project -key os_platform -value "amd64" -context "software_version_and_target_device"
# webtalk_add_data -client project -key registration_id -value "" -context "software_version_and_target_device"
# webtalk_add_data -client project -key tool_flow -value "SDK" -context "software_version_and_target_device"
# webtalk_add_data -client project -key beta -value "false" -context "software_version_and_target_device"
# webtalk_add_data -client project -key route_design -value "NA" -context "software_version_and_target_device"
# webtalk_add_data -client project -key target_family -value "NA" -context "software_version_and_target_device"
# webtalk_add_data -client project -key target_device -value "NA" -context "software_version_and_target_device"
# webtalk_add_data -client project -key target_package -value "NA" -context "software_version_and_target_device"
# webtalk_add_data -client project -key target_speed -value "NA" -context "software_version_and_target_device"
# webtalk_add_data -client project -key random_id -value "rdhlcc6b7o19rdcq79laa2enb9" -context "software_version_and_target_device"
# webtalk_add_data -client project -key project_id -value "2015.2_7" -context "software_version_and_target_device"
# webtalk_add_data -client project -key project_iteration -value "7" -context "software_version_and_target_device"
# webtalk_add_data -client project -key os_name -value "" -context "user_environment"
# webtalk_add_data -client project -key os_release -value "" -context "user_environment"
# webtalk_add_data -client project -key cpu_name -value "" -context "user_environment"
# webtalk_add_data -client project -key cpu_speed -value "" -context "user_environment"
# webtalk_add_data -client project -key total_processors -value "" -context "user_environment"
# webtalk_add_data -client project -key system_ram -value "" -context "user_environment"
# webtalk_register_client -client sdk
# webtalk_add_data -client sdk -key uid -value "1573644660328" -context "sdk\\\\bsp/1573644660328"
# webtalk_add_data -client sdk -key hwid -value "1573123359202" -context "sdk\\\\bsp/1573644660328"
# webtalk_add_data -client sdk -key os -value "standalone" -context "sdk\\\\bsp/1573644660328"
# webtalk_add_data -client sdk -key apptemplate -value "hello_world" -context "sdk\\\\bsp/1573644660328"
# webtalk_add_data -client sdk -key uid -value "1573644669101" -context "sdk\\\\application/1573644669101"
# webtalk_add_data -client sdk -key hwid -value "1573123359202" -context "sdk\\\\application/1573644669101"
# webtalk_add_data -client sdk -key bspid -value "1573644660328" -context "sdk\\\\application/1573644669101"
# webtalk_add_data -client sdk -key newbsp -value "true" -context "sdk\\\\application/1573644669101"
# webtalk_add_data -client sdk -key os -value "standalone" -context "sdk\\\\application/1573644669101"
# webtalk_add_data -client sdk -key apptemplate -value "hello_world" -context "sdk\\\\application/1573644669101"
# webtalk_transmit -clientid 2760349815 -regid "" -xml C:\\Users\\Tomek\\Assessment_2_Traffic_Light\\es3_hw_assmnt_2\\es3_hw_assmnt_2.sdk\\webtalk\\usage_statistics_ext_sdk.xml -html C:\\Users\\Tomek\\Assessment_2_Traffic_Light\\es3_hw_assmnt_2\\es3_hw_assmnt_2.sdk\\webtalk\\usage_statistics_ext_sdk.html -wdm C:\\Users\\Tomek\\Assessment_2_Traffic_Light\\es3_hw_assmnt_2\\es3_hw_assmnt_2.sdk\\webtalk\\sdk_webtalk.wdm -intro "<H3>SDK Usage Report</H3><BR>"

    while executing
"webtalk_transmit -clientid 2760349815 -regid "" -xml C:\\Users\\Tomek\\Assessment_2_Traffic_Light\\es3_hw_assmnt_2\\es3_hw_assmnt_2.sdk\\webtalk\\usag..."
    (file "sdk_webtalk.tcl" line 35)
INFO: [Common 17-206] Exiting Webtalk at Wed Nov 13 17:31:36 2019...
